Start testing: May 12 11:21 CDT
----------------------------------------------------------
1/1 Testing: hello_runs
1/1 Test: hello_runs
Command: "/Users/ritesh/Downloads/submission_folder/course-computer-science/phases/00-setup-and-tooling/06-build-systems-make-cmake-bazel-cargo/code/build/hello"
Directory: /Users/ritesh/Downloads/submission_folder/course-computer-science/phases/00-setup-and-tooling/06-build-systems-make-cmake-bazel-cargo/code/build
"hello_runs" start time: May 12 11:21 CDT
Output:
----------------------------------------------------------
hello, world
<end of output>
Test time =   0.00 sec
----------------------------------------------------------
Test Pass Reason:
Required regular expression found. Regex=[hello, world]
"hello_runs" end time: May 12 11:21 CDT
"hello_runs" time elapsed: 00:00:00
----------------------------------------------------------

End testing: May 12 11:21 CDT
